Error: Couldn't resolve the package 'file_picker' in 'package:file_picker/file_picker.dart'.
Error: Couldn't resolve the package 'share_plus' in 'package:share_plus/share_plus.dart'.
lib/app/services/backup_service.dart:5:8: Error: Not found: 'package:file_picker/file_picker.dart'
import 'package:file_picker/file_picker.dart';
       ^
lib/app/services/backup_service.dart:21:8: Error: Not found: 'package:share_plus/share_plus.dart'
import 'package:share_plus/share_plus.dart';
       ^
lib/app/modules/analytics/views/analytics_view.dart:21:7: Error: The non-abstract class 'AnalyticsView' is missing implementations for these members:
 - StatefulWidget.createState
Try to either
 - provide an implementation,
 - inherit an implementation from a superclass or mixin,
 - mark the class as abstract, or
 - provide a 'noSuchMethod' implementation.

class AnalyticsView extends StatefulWidget {
      ^^^^^^^^^^^^^
../../flutter-sdk/flutter/packages/flutter/lib/src/widgets/framework.dart:800:9: Context: 'StatefulWidget.createState' is defined here.
  State createState();
        ^^^^^^^^^^^
lib/app/services/ml/smart_financial_brain.dart:151:33: Error: Too many positional arguments: 0 allowed, but 3 found.
Try removing the extra positional arguments.
    return FinancialIntelligence(
                                ^
lib/app/data/models/ml/financial_intelligence.dart:21:3: Context: Found this candidate, but the arguments don't match.
  FinancialIntelligence({
  ^^^^^^^^^^^^^^^^^^^^^
lib/app/services/ml/smart_financial_brain.dart:179:7: Error: Expected ';' after this.
      ),
      ^
lib/app/services/ml/smart_financial_brain.dart:179:8: Error: Expected an identifier, but got ','.
Try inserting an identifier before ','.
      ),
       ^
lib/app/services/ml/smart_financial_brain.dart:179:8: Error: Unexpected token ';'.
      ),
       ^
lib/app/services/ml/smart_financial_brain.dart:183:7: Error: Expected ';' after this.
      ),
      ^
lib/app/services/ml/smart_financial_brain.dart:183:8: Error: Expected an identifier, but got ','.
Try inserting an identifier before ','.
      ),
       ^
lib/app/services/ml/smart_financial_brain.dart:183:8: Error: Unexpected token ';'.
      ),
       ^
lib/app/services/ml/smart_financial_brain.dart:184:5: Error: Expected an identifier, but got ')'.
Try inserting an identifier before ')'.
    );
    ^
lib/app/services/ml/smart_financial_brain.dart:183:8: Error: Expected ';' after this.
      ),
       ^
lib/app/services/ml/smart_financial_brain.dart:184:5: Error: Unexpected token ';'.
    );
    ^
lib/app/modules/analytics/views/analytics_view.dart:32:21: Error: The getter 'controller' isn't defined for the type 'AnalyticsView'.
 - 'AnalyticsView' is from 'package:koaa/app/modules/analytics/views/analytics_view.dart' ('lib/app/modules/analytics/views/analytics_view.dart').
Try correcting the name to the name of an existing getter, or defining a getter or field named 'controller'.
          Obx(() => controller.canNavigate
                    ^^^^^^^^^^
lib/app/modules/analytics/views/analytics_view.dart:35:15: Error: The getter 'controller' isn't defined for the type 'AnalyticsView'.
 - 'AnalyticsView' is from 'package:koaa/app/modules/analytics/views/analytics_view.dart' ('lib/app/modules/analytics/views/analytics_view.dart').
Try correcting the name to the name of an existing getter, or defining a getter or field named 'controller'.
          if (controller.canNavigate) SizedBox(height: KoalaSpacing.xxl),
              ^^^^^^^^^^
lib/app/modules/analytics/views/analytics_view.dart:41:17: Error: The getter 'controller' isn't defined for the type 'AnalyticsView'.
 - 'AnalyticsView' is from 'package:koaa/app/modules/analytics/views/analytics_view.dart' ('lib/app/modules/analytics/views/analytics_view.dart').
Try correcting the name to the name of an existing getter, or defining a getter or field named 'controller'.
            if (controller.selectedTimeRange.value == TimeRange.month &&
                ^^^^^^^^^^
lib/app/modules/analytics/views/analytics_view.dart:42:17: Error: The getter 'controller' isn't defined for the type 'AnalyticsView'.
 - 'AnalyticsView' is from 'package:koaa/app/modules/analytics/views/analytics_view.dart' ('lib/app/modules/analytics/views/analytics_view.dart').
Try correcting the name to the name of an existing getter, or defining a getter or field named 'controller'.
                controller.dailySpending.isNotEmpty) {
                ^^^^^^^^^^
lib/app/modules/analytics/views/analytics_view.dart:43:37: Error: The getter 'controller' isn't defined for the type 'AnalyticsView'.
 - 'AnalyticsView' is from 'package:koaa/app/modules/analytics/views/analytics_view.dart' ('lib/app/modules/analytics/views/analytics_view.dart').
Try correcting the name to the name of an existing getter, or defining a getter or field named 'controller'.
              final days = DateTime(controller.selectedYear.value,
                                    ^^^^^^^^^^
lib/app/modules/analytics/views/analytics_view.dart:44:23: Error: The getter 'controller' isn't defined for the type 'AnalyticsView'.
 - 'AnalyticsView' is from 'package:koaa/app/modules/analytics/views/analytics_view.dart' ('lib/app/modules/analytics/views/analytics_view.dart').
Try correcting the name to the name of an existing getter, or defining a getter or field named 'controller'.
                      controller.selectedMonth.value + 1, 0)
                      ^^^^^^^^^^
lib/app/modules/analytics/views/analytics_view.dart:49:34: Error: The getter 'controller' isn't defined for the type 'AnalyticsView'.
 - 'AnalyticsView' is from 'package:koaa/app/modules/analytics/views/analytics_view.dart' ('lib/app/modules/analytics/views/analytics_view.dart').
Try correcting the name to the name of an existing getter, or defining a getter or field named 'controller'.
                  dailySpending: controller.dailySpending,
                                 ^^^^^^^^^^
lib/app/modules/analytics/views/analytics_view.dart:72:24: Error: The getter 'controller' isn't defined for the type 'AnalyticsView'.
 - 'AnalyticsView' is from 'package:koaa/app/modules/analytics/views/analytics_view.dart' ('lib/app/modules/analytics/views/analytics_view.dart').
Try correcting the name to the name of an existing getter, or defining a getter or field named 'controller'.
    final projection = controller.getMultiMonthProjection();
                       ^^^^^^^^^^
lib/app/modules/analytics/views/analytics_view.dart:254:21: Error: The getter 'controller' isn't defined for the type 'AnalyticsView'.
 - 'AnalyticsView' is from 'package:koaa/app/modules/analytics/views/analytics_view.dart' ('lib/app/modules/analytics/views/analytics_view.dart').
Try correcting the name to the name of an existing getter, or defining a getter or field named 'controller'.
          Obx(() => controller.selectedTimeRange.value == TimeRange.month
                    ^^^^^^^^^^
lib/app/modules/analytics/views/analytics_view.dart:269:31: Error: The getter 'controller' isn't defined for the type 'AnalyticsView'.
 - 'AnalyticsView' is from 'package:koaa/app/modules/analytics/views/analytics_view.dart' ('lib/app/modules/analytics/views/analytics_view.dart').
Try correcting the name to the name of an existing getter, or defining a getter or field named 'controller'.
      final activeGoalsData = controller.goalProgress;
                              ^^^^^^^^^^
lib/app/modules/analytics/views/analytics_view.dart:414:21: Error: The getter 'controller' isn't defined for the type 'AnalyticsView'.
 - 'AnalyticsView' is from 'package:koaa/app/modules/analytics/views/analytics_view.dart' ('lib/app/modules/analytics/views/analytics_view.dart').
Try correcting the name to the name of an existing getter, or defining a getter or field named 'controller'.
          Obx(() => controller.selectedTimeRange.value != TimeRange.month &&
                    ^^^^^^^^^^
lib/app/modules/analytics/views/analytics_view.dart:415:19: Error: The getter 'controller' isn't defined for the type 'AnalyticsView'.
 - 'AnalyticsView' is from 'package:koaa/app/modules/analytics/views/analytics_view.dart' ('lib/app/modules/analytics/views/analytics_view.dart').
Try correcting the name to the name of an existing getter, or defining a getter or field named 'controller'.
                  controller.debtTimeline.isNotEmpty
                  ^^^^^^^^^^
lib/app/modules/analytics/views/analytics_view.dart:433:25: Error: The getter 'controller' isn't defined for the type 'AnalyticsView'.
 - 'AnalyticsView' is from 'package:koaa/app/modules/analytics/views/analytics_view.dart' ('lib/app/modules/analytics/views/analytics_view.dart').
Try correcting the name to the name of an existing getter, or defining a getter or field named 'controller'.
            groupValue: controller.selectedTimeRange.value,
                        ^^^^^^^^^^
lib/app/modules/analytics/views/analytics_view.dart:457:17: Error: The getter 'controller' isn't defined for the type 'AnalyticsView'.
 - 'AnalyticsView' is from 'package:koaa/app/modules/analytics/views/analytics_view.dart' ('lib/app/modules/analytics/views/analytics_view.dart').
Try correcting the name to the name of an existing getter, or defining a getter or field named 'controller'.
                controller.setTimeRange(value);
                ^^^^^^^^^^
lib/app/modules/analytics/views/analytics_view.dart:480:28: Error: The getter 'controller' isn't defined for the type 'AnalyticsView'.
 - 'AnalyticsView' is from 'package:koaa/app/modules/analytics/views/analytics_view.dart' ('lib/app/modules/analytics/views/analytics_view.dart').
Try correcting the name to the name of an existing getter, or defining a getter or field named 'controller'.
                onPressed: controller.canNavigate
                           ^^^^^^^^^^
lib/app/modules/analytics/views/analytics_view.dart:483:25: Error: The getter 'controller' isn't defined for the type 'AnalyticsView'.
 - 'AnalyticsView' is from 'package:koaa/app/modules/analytics/views/analytics_view.dart' ('lib/app/modules/analytics/views/analytics_view.dart').
Try correcting the name to the name of an existing getter, or defining a getter or field named 'controller'.
                        controller.navigatePrevious();
                        ^^^^^^^^^^
lib/app/modules/analytics/views/analytics_view.dart:486:24: Error: The getter 'controller' isn't defined for the type 'AnalyticsView'.
 - 'AnalyticsView' is from 'package:koaa/app/modules/analytics/views/analytics_view.dart' ('lib/app/modules/analytics/views/analytics_view.dart').
Try correcting the name to the name of an existing getter, or defining a getter or field named 'controller'.
                color: controller.canNavigate
                       ^^^^^^^^^^
lib/app/modules/analytics/views/analytics_view.dart:497:23: Error: The getter 'controller' isn't defined for the type 'AnalyticsView'.
 - 'AnalyticsView' is from 'package:koaa/app/modules/analytics/views/analytics_view.dart' ('lib/app/modules/analytics/views/analytics_view.dart').
Try correcting the name to the name of an existing getter, or defining a getter or field named 'controller'.
                      controller.currentPeriodName,
                      ^^^^^^^^^^
lib/app/modules/analytics/views/analytics_view.dart:505:28: Error: The getter 'controller' isn't defined for the type 'AnalyticsView'.
 - 'AnalyticsView' is from 'package:koaa/app/modules/analytics/views/analytics_view.dart' ('lib/app/modules/analytics/views/analytics_view.dart').
Try correcting the name to the name of an existing getter, or defining a getter or field named 'controller'.
                onPressed: controller.canNavigate
                           ^^^^^^^^^^
lib/app/modules/analytics/views/analytics_view.dart:508:25: Error: The getter 'controller' isn't defined for the type 'AnalyticsView'.
 - 'AnalyticsView' is from 'package:koaa/app/modules/analytics/views/analytics_view.dart' ('lib/app/modules/analytics/views/analytics_view.dart').
Try correcting the name to the name of an existing getter, or defining a getter or field named 'controller'.
                        controller.navigateNext();
                        ^^^^^^^^^^
lib/app/modules/analytics/views/analytics_view.dart:511:24: Error: The getter 'controller' isn't defined for the type 'AnalyticsView'.
 - 'AnalyticsView' is from 'package:koaa/app/modules/analytics/views/analytics_view.dart' ('lib/app/modules/analytics/views/analytics_view.dart').
Try correcting the name to the name of an existing getter, or defining a getter or field named 'controller'.
                color: controller.canNavigate
                       ^^^^^^^^^^
lib/app/modules/analytics/views/analytics_view.dart:551:39: Error: The getter 'controller' isn't defined for the type 'AnalyticsView'.
 - 'AnalyticsView' is from 'package:koaa/app/modules/analytics/views/analytics_view.dart' ('lib/app/modules/analytics/views/analytics_view.dart').
Try correcting the name to the name of an existing getter, or defining a getter or field named 'controller'.
                'FCFA ${_formatAmount(controller.netBalance)}',
                                      ^^^^^^^^^^
lib/app/modules/analytics/views/analytics_view.dart:562:31: Error: The getter 'controller' isn't defined for the type 'AnalyticsView'.
 - 'AnalyticsView' is from 'package:koaa/app/modules/analytics/views/analytics_view.dart' ('lib/app/modules/analytics/views/analytics_view.dart').
Try correcting the name to the name of an existing getter, or defining a getter or field named 'controller'.
                      color: (controller.netBalance >= 0
                              ^^^^^^^^^^
lib/app/modules/analytics/views/analytics_view.dart:569:23: Error: The getter 'controller' isn't defined for the type 'AnalyticsView'.
 - 'AnalyticsView' is from 'package:koaa/app/modules/analytics/views/analytics_view.dart' ('lib/app/modules/analytics/views/analytics_view.dart').
Try correcting the name to the name of an existing getter, or defining a getter or field named 'controller'.
                      controller.savingsStatus.label,
                      ^^^^^^^^^^
lib/app/modules/analytics/views/analytics_view.dart:571:38: Error: The getter 'controller' isn't defined for the type 'AnalyticsView'.
 - 'AnalyticsView' is from 'package:koaa/app/modules/analytics/views/analytics_view.dart' ('lib/app/modules/analytics/views/analytics_view.dart').
Try correcting the name to the name of an existing getter, or defining a getter or field named 'controller'.
                        color: Color(controller.savingsStatus.color),
                                     ^^^^^^^^^^
lib/app/modules/analytics/views/analytics_view.dart:576:23: Error: The getter 'controller' isn't defined for the type 'AnalyticsView'.
 - 'AnalyticsView' is from 'package:koaa/app/modules/analytics/views/analytics_view.dart' ('lib/app/modules/analytics/views/analytics_view.dart').
Try correcting the name to the name of an existing getter, or defining a getter or field named 'controller'.
                  if (controller.selectedTimeRange.value != TimeRange.all) ...[
                      ^^^^^^^^^^
lib/app/modules/analytics/views/analytics_view.dart:592:17: Error: The getter 'controller' isn't defined for the type 'AnalyticsView'.
 - 'AnalyticsView' is from 'package:koaa/app/modules/analytics/views/analytics_view.dart' ('lib/app/modules/analytics/views/analytics_view.dart').
Try correcting the name to the name of an existing getter, or defining a getter or field named 'controller'.
                controller.totalIncome,
                ^^^^^^^^^^
lib/app/modules/analytics/views/analytics_view.dart:602:17: Error: The getter 'controller' isn't defined for the type 'AnalyticsView'.
 - 'AnalyticsView' is from 'package:koaa/app/modules/analytics/views/analytics_view.dart' ('lib/app/modules/analytics/views/analytics_view.dart').
Try correcting the name to the name of an existing getter, or defining a getter or field named 'controller'.
                controller.totalExpenses,
                ^^^^^^^^^^
lib/app/modules/analytics/views/analytics_view.dart:614:19: Error: The getter 'controller' isn't defined for the type 'AnalyticsView'.
 - 'AnalyticsView' is from 'package:koaa/app/modules/analytics/views/analytics_view.dart' ('lib/app/modules/analytics/views/analytics_view.dart').
Try correcting the name to the name of an existing getter, or defining a getter or field named 'controller'.
    final trend = controller.expenseTrendPercentage;
                  ^^^^^^^^^^
lib/app/modules/analytics/views/analytics_view.dart:687:18: Error: The getter 'controller' isn't defined for the type 'AnalyticsView'.
 - 'AnalyticsView' is from 'package:koaa/app/modules/analytics/views/analytics_view.dart' ('lib/app/modules/analytics/views/analytics_view.dart').
Try correcting the name to the name of an existing getter, or defining a getter or field named 'controller'.
    final jobs = controller.jobs;
                 ^^^^^^^^^^
lib/app/modules/analytics/views/analytics_view.dart:783:23: Error: The getter 'controller' isn't defined for the type 'AnalyticsView'.
 - 'AnalyticsView' is from 'package:koaa/app/modules/analytics/views/analytics_view.dart' ('lib/app/modules/analytics/views/analytics_view.dart').
Try correcting the name to the name of an existing getter, or defining a getter or field named 'controller'.
    final chartData = controller.chartData;
                      ^^^^^^^^^^
lib/app/modules/analytics/views/analytics_view.dart:897:31: Error: The getter 'controller' isn't defined for the type 'AnalyticsView'.
 - 'AnalyticsView' is from 'package:koaa/app/modules/analytics/views/analytics_view.dart' ('lib/app/modules/analytics/views/analytics_view.dart').
Try correcting the name to the name of an existing getter, or defining a getter or field named 'controller'.
    final budgetComparisons = controller.budgetComparison;
                              ^^^^^^^^^^
lib/app/modules/analytics/views/analytics_view.dart:1031:26: Error: The getter 'controller' isn't defined for the type 'AnalyticsView'.
 - 'AnalyticsView' is from 'package:koaa/app/modules/analytics/views/analytics_view.dart' ('lib/app/modules/analytics/views/analytics_view.dart').
Try correcting the name to the name of an existing getter, or defining a getter or field named 'controller'.
    final debtTimeline = controller.debtTimeline;
                         ^^^^^^^^^^
lib/app/modules/analytics/views/analytics_view.dart:1083:39: Error: The getter 'controller' isn't defined for the type 'AnalyticsView'.
 - 'AnalyticsView' is from 'package:koaa/app/modules/analytics/views/analytics_view.dart' ('lib/app/modules/analytics/views/analytics_view.dart').
Try correcting the name to the name of an existing getter, or defining a getter or field named 'controller'.
                'FCFA ${_formatAmount(controller.debtTimeline.last.totalOutstanding)}',
                                      ^^^^^^^^^^
lib/app/modules/analytics/views/analytics_view.dart:1101:39: Error: The getter 'controller' isn't defined for the type 'AnalyticsView'.
 - 'AnalyticsView' is from 'package:koaa/app/modules/analytics/views/analytics_view.dart' ('lib/app/modules/analytics/views/analytics_view.dart').
Try correcting the name to the name of an existing getter, or defining a getter or field named 'controller'.
                'FCFA ${_formatAmount(controller.debtTimeline.last.paymentsMade)}',
                                      ^^^^^^^^^^
lib/app/modules/analytics/views/analytics_view.dart:1286:33: Error: The getter 'controller' isn't defined for the type 'AnalyticsView'.
 - 'AnalyticsView' is from 'package:koaa/app/modules/analytics/views/analytics_view.dart' ('lib/app/modules/analytics/views/analytics_view.dart').
Try correcting the name to the name of an existing getter, or defining a getter or field named 'controller'.
                          await controller.addJob(
                                ^^^^^^^^^^
lib/app/modules/analytics/views/analytics_view.dart:1339:27: Error: The getter 'controller' isn't defined for the type 'AnalyticsView'.
 - 'AnalyticsView' is from 'package:koaa/app/modules/analytics/views/analytics_view.dart' ('lib/app/modules/analytics/views/analytics_view.dart').
Try correcting the name to the name of an existing getter, or defining a getter or field named 'controller'.
                    await controller.deleteJob(job.id);
                          ^^^^^^^^^^
lib/app/modules/analytics/views/analytics_view.dart:1450:33: Error: The getter 'controller' isn't defined for the type 'AnalyticsView'.
 - 'AnalyticsView' is from 'package:koaa/app/modules/analytics/views/analytics_view.dart' ('lib/app/modules/analytics/views/analytics_view.dart').
Try correcting the name to the name of an existing getter, or defining a getter or field named 'controller'.
                          await controller.updateJob(updated);
                                ^^^^^^^^^^
lib/app/modules/envelopes/views/envelopes_view.dart:24:72: Error: Member not found: 'h3'.
        title: Text('Enveloppes Intelligentes', style: KoalaTypography.h3),
                                                                       ^^
lib/app/modules/envelopes/views/envelopes_view.dart:27:24: Error: Not a constant expression.
        leading: const KoalaBackButton(),
                       ^^^^^^^^^^^^^^^
lib/app/modules/envelopes/views/envelopes_view.dart:50:50: Error: Member not found: 'h2'.
                          style: KoalaTypography.h2
                                                 ^^
lib/app/modules/envelopes/views/envelopes_view.dart:72:50: Error: Member not found: 'body'.
                          style: KoalaTypography.body),
                                                 ^^^^
lib/app/modules/envelopes/views/envelopes_view.dart:98:50: Error: Member not found: 'KoalaColors.card'.
                              color: KoalaColors.card(context),
                                                 ^^^^
lib/app/modules/envelopes/views/envelopes_view.dart:120:60: Error: Member not found: 'h4'.
                                    style: KoalaTypography.h4,
                                                           ^^
lib/app/modules/envelopes/views/envelopes_view.dart:37:43: Error: The method 'call' isn't defined for the type 'Color'.
 - 'Color' is from 'dart:ui'.
Try correcting the name to the name of an existing method, or defining a method named 'call'.
                color: KoalaColors.primary(context).withOpacity(0.1),
                                          ^
lib/app/modules/envelopes/views/envelopes_view.dart:40:47: Error: The method 'call' isn't defined for the type 'Color'.
 - 'Color' is from 'dart:ui'.
Try correcting the name to the name of an existing method, or defining a method named 'call'.
                    color: KoalaColors.primary(context).withOpacity(0.3)),
                                              ^
lib/app/modules/envelopes/views/envelopes_view.dart:48:65: Error: The argument type 'TextStyle Function(BuildContext)' can't be assigned to the parameter type 'TextStyle?'.
 - 'TextStyle' is from 'package:flutter/src/painting/text_style.dart' ('../../flutter-sdk/flutter/packages/flutter/lib/src/painting/text_style.dart').
 - 'BuildContext' is from 'package:flutter/src/widgets/framework.dart' ('../../flutter-sdk/flutter/packages/flutter/lib/src/widgets/framework.dart').
                      Text('Disponible', style: KoalaTypography.bodySmall),
                                                                ^
lib/app/modules/envelopes/views/envelopes_view.dart:51:67: Error: The method 'call' isn't defined for the type 'Color'.
 - 'Color' is from 'dart:ui'.
Try correcting the name to the name of an existing method, or defining a method named 'call'.
                              .copyWith(color: KoalaColors.primary(context))),
                                                                  ^
lib/app/modules/envelopes/views/envelopes_view.dart:57:61: Error: The argument type 'TextStyle Function(BuildContext)' can't be assigned to the parameter type 'TextStyle?'.
 - 'TextStyle' is from 'package:flutter/src/painting/text_style.dart' ('../../flutter-sdk/flutter/packages/flutter/lib/src/painting/text_style.dart').
 - 'BuildContext' is from 'package:flutter/src/widgets/framework.dart' ('../../flutter-sdk/flutter/packages/flutter/lib/src/widgets/framework.dart').
                      Text('Alloué', style: KoalaTypography.bodySmall),
                                                            ^
lib/app/modules/envelopes/views/envelopes_view.dart:60:32: Error: The method 'copyWith' isn't defined for the type 'TextStyle Function(BuildContext)'.
 - 'TextStyle' is from 'package:flutter/src/painting/text_style.dart' ('../../flutter-sdk/flutter/packages/flutter/lib/src/painting/text_style.dart').
 - 'BuildContext' is from 'package:flutter/src/widgets/framework.dart' ('../../flutter-sdk/flutter/packages/flutter/lib/src/widgets/framework.dart').
Try correcting the name to the name of an existing method, or defining a method named 'copyWith'.
                              .copyWith(fontWeight: FontWeight.bold)),
                               ^^^^^^^^
lib/app/modules/envelopes/views/envelopes_view.dart:113:60: Error: The method 'call' isn't defined for the type 'Color'.
 - 'Color' is from 'dart:ui'.
Try correcting the name to the name of an existing method, or defining a method named 'call'.
                                      KoalaColors.secondary(context)
                                                           ^
lib/app/modules/envelopes/views/envelopes_view.dart:116:67: Error: The method 'call' isn't defined for the type 'Color'.
 - 'Color' is from 'dart:ui'.
Try correcting the name to the name of an existing method, or defining a method named 'call'.
                                      color: KoalaColors.secondary(context)),
                                                                  ^
lib/app/modules/envelopes/views/envelopes_view.dart:126:60: Error: The argument type 'TextStyle Function(BuildContext)' can't be assigned to the parameter type 'TextStyle?'.
 - 'TextStyle' is from 'package:flutter/src/painting/text_style.dart' ('../../flutter-sdk/flutter/packages/flutter/lib/src/painting/text_style.dart').
 - 'BuildContext' is from 'package:flutter/src/widgets/framework.dart' ('../../flutter-sdk/flutter/packages/flutter/lib/src/widgets/framework.dart').
                                    style: KoalaTypography.caption),
                                                           ^
lib/app/modules/envelopes/views/envelopes_view.dart:131:63: Error: The method 'call' isn't defined for the type 'Color'.
 - 'Color' is from 'dart:ui'.
Try correcting the name to the name of an existing method, or defining a method named 'call'.
                                  color: KoalaColors.secondary(context),
                                                              ^
lib/app/modules/envelopes/views/envelopes_view.dart:146:45: Error: The method 'call' isn't defined for the type 'Color'.
 - 'Color' is from 'dart:ui'.
Try correcting the name to the name of an existing method, or defining a method named 'call'.
        backgroundColor: KoalaColors.primary(context),
                                            ^
lib/app/modules/envelopes/views/envelopes_view.dart:167:63: Error: Member not found: 'h3'.
            Text('Nouvelle Enveloppe', style: KoalaTypography.h3),
                                                              ^^
lib/app/modules/envelopes/views/envelopes_view.dart:184:55: Error: The method 'call' isn't defined for the type 'Color'.
 - 'Color' is from 'dart:ui'.
Try correcting the name to the name of an existing method, or defining a method named 'call'.
                  backgroundColor: KoalaColors.primary(context),
                                                      ^
lib/app/modules/settings/views/suggestion_widgets.dart:134:13: Error: No named parameter with the name 'height'.
            height: 32.h,
            ^^^^^^
lib/app/core/design_system.dart:323:9: Context: Found this candidate, but the arguments don't match.
  const KoalaButton({
        ^^^^^^^^^^^
lib/app/modules/settings/views/suggestion_widgets.dart:222:35: Error: The getter 'TransactionCategory' isn't defined for the type '_SuggestionCard'.
 - '_SuggestionCard' is from 'package:koaa/app/modules/settings/views/suggestion_widgets.dart' ('lib/app/modules/settings/views/suggestion_widgets.dart').
Try correcting the name to the name of an existing getter, or defining a getter or field named 'TransactionCategory'.
                        category: TransactionCategory.entertainment,
                                  ^^^^^^^^^^^^^^^^^^^
lib/app/modules/settings/views/suggestion_widgets.dart:223:31: Error: The getter 'TransactionType' isn't defined for the type '_SuggestionCard'.
 - '_SuggestionCard' is from 'package:koaa/app/modules/settings/views/suggestion_widgets.dart' ('lib/app/modules/settings/views/suggestion_widgets.dart').
Try correcting the name to the name of an existing getter, or defining a getter or field named 'TransactionType'.
                        type: TransactionType.expense,
                              ^^^^^^^^^^^^^^^
lib/app/services/backup_service.dart:48:13: Error: The getter 'Share' isn't defined for the type 'BackupService'.
 - 'BackupService' is from 'package:koaa/app/services/backup_service.dart' ('lib/app/services/backup_service.dart').
Try correcting the name to the name of an existing getter, or defining a getter or field named 'Share'.
      await Share.shareXFiles([XFile(file.path)], text: 'Sauvegarde Koala');
            ^^^^^
lib/app/services/backup_service.dart:48:32: Error: The method 'XFile' isn't defined for the type 'BackupService'.
 - 'BackupService' is from 'package:koaa/app/services/backup_service.dart' ('lib/app/services/backup_service.dart').
Try correcting the name to the name of an existing method, or defining a method named 'XFile'.
      await Share.shareXFiles([XFile(file.path)], text: 'Sauvegarde Koala');
                               ^^^^^
lib/app/services/backup_service.dart:60:28: Error: The getter 'FilePicker' isn't defined for the type 'BackupService'.
 - 'BackupService' is from 'package:koaa/app/services/backup_service.dart' ('lib/app/services/backup_service.dart').
Try correcting the name to the name of an existing getter, or defining a getter or field named 'FilePicker'.
      final result = await FilePicker.platform.pickFiles(
                           ^^^^^^^^^^
lib/app/services/backup_service.dart:61:15: Error: The getter 'FileType' isn't defined for the type 'BackupService'.
 - 'BackupService' is from 'package:koaa/app/services/backup_service.dart' ('lib/app/services/backup_service.dart').
Try correcting the name to the name of an existing getter, or defining a getter or field named 'FileType'.
        type: FileType
              ^^^^^^^^
lib/app/services/backup_service.dart:10:1: Error: 'Category' is imported from both 'package:flutter/src/foundation/annotations.dart' and 'package:koaa/app/data/models/category.dart'.
import 'package:koaa/app/data/models/category.dart';
^^^^^^^^
lib/app/modules/home/views/home_view.dart:594:13: Error: The type 'QuickActionType' is not exhaustively matched by the switch cases since it doesn't match 'QuickActionType.envelopes'.
 - 'QuickActionType' is from 'package:koaa/app/modules/home/controllers/home_controller.dart' ('lib/app/modules/home/controllers/home_controller.dart').
Try adding a default case or cases that match 'QuickActionType.envelopes'.
    switch (type) {
            ^
lib/app/modules/home/views/home_view.dart:863:13: Error: The type 'QuickActionType' is not exhaustively matched by the switch cases since it doesn't match 'QuickActionType.envelopes'.
 - 'QuickActionType' is from 'package:koaa/app/modules/home/controllers/home_controller.dart' ('lib/app/modules/home/controllers/home_controller.dart').
Try adding a default case or cases that match 'QuickActionType.envelopes'.
    switch (type) {
            ^
lib/app/modules/home/views/home_view.dart:886:13: Error: The type 'QuickActionType' is not exhaustively matched by the switch cases since it doesn't match 'QuickActionType.envelopes'.
 - 'QuickActionType' is from 'package:koaa/app/modules/home/controllers/home_controller.dart' ('lib/app/modules/home/controllers/home_controller.dart').
Try adding a default case or cases that match 'QuickActionType.envelopes'.
    switch (type) {
            ^
lib/app/modules/home/views/home_view.dart:909:13: Error: The type 'QuickActionType' is not exhaustively matched by the switch cases since it doesn't match 'QuickActionType.envelopes'.
 - 'QuickActionType' is from 'package:koaa/app/modules/home/controllers/home_controller.dart' ('lib/app/modules/home/controllers/home_controller.dart').
Try adding a default case or cases that match 'QuickActionType.envelopes'.
    switch (type) {
            ^
lib/app/modules/home/views/home_view.dart:932:13: Error: The type 'QuickActionType' is not exhaustively matched by the switch cases since it doesn't match 'QuickActionType.envelopes'.
 - 'QuickActionType' is from 'package:koaa/app/modules/home/controllers/home_controller.dart' ('lib/app/modules/home/controllers/home_controller.dart').
Try adding a default case or cases that match 'QuickActionType.envelopes'.
    switch (type) {
            ^
Unhandled exception:
FileSystemException(uri=org-dartlang-untranslatable-uri:package%3Afile_picker%2Ffile_picker.dart; message=StandardFileSystem only supports file:* and data:* URIs)
#0      StandardFileSystem.entityForUri (package:front_end/src/api_prototype/standard_file_system.dart:45)
#1      asFileUri (package:vm/kernel_front_end.dart:1002)
#2      writeDepfile (package:vm/kernel_front_end.dart:1165)
<asynchronous suspension>
#3      FrontendCompiler.compile (package:frontend_server/frontend_server.dart:729)
<asynchronous suspension>
#4      starter (package:frontend_server/starter.dart:102)
<asynchronous suspension>
#5      main (file:///b/s/w/ir/x/w/sdk/pkg/frontend_server/bin/frontend_server_starter.dart:13)
<asynchronous suspension>

Target kernel_snapshot_program failed: Exception


FAILURE: Build failed with an exception.

* What went wrong:
Execution failed for task ':app:compileFlutterBuildRelease'.
> Process 'command '/home/traorecheikh/flutter-sdk/flutter/bin/flutter'' finished with non-zero exit value 1

* Try:
> Run with --stacktrace option to get the stack trace.
> Run with --info or --debug option to get more log output.
> Run with --scan to get full insights.
> Get more help at https://help.gradle.org.

BUILD FAILED in 28s
Running Gradle task 'assembleRelease'...                           28.9s
Gradle task assembleRelease failed with exit code 1
➜  koala git:(main) ✗